[2025-09-03 11:36:36] [INFO] Conexão com banco de dados estabelecida
[2025-09-03 11:36:36] [INFO] Validando token de acesso...
[2025-09-03 11:36:36] [INFO] Token válido para usuário: José Ricardo Santos
[2025-09-03 11:36:36] [INFO] Obtendo token de longa duração...
[2025-09-03 11:36:37] [ERROR] Erro de rede ao obter token de longa duração
[2025-09-03 11:36:37] [INFO] Buscando contas Instagram conectadas...
[2025-09-03 11:36:37] [INFO] Total de contas Instagram encontradas: 0
[2025-09-03 11:36:51] [INFO] Conexão com banco de dados estabelecida
[2025-09-03 11:36:51] [INFO] Validando token de acesso...
[2025-09-03 11:36:51] [INFO] Token válido para usuário: José Ricardo Santos
[2025-09-03 11:36:51] [INFO] Obtendo token de longa duração...
[2025-09-03 11:36:52] [ERROR] Erro de rede ao obter token de longa duração
[2025-09-03 11:36:52] [INFO] Buscando contas Instagram conectadas...
[2025-09-03 11:36:52] [INFO] Total de contas Instagram encontradas: 0
[2025-09-03 11:37:41] [INFO] Conexão com banco de dados estabelecida
[2025-09-03 11:37:41] [INFO] Validando token de acesso...
[2025-09-03 11:37:42] [INFO] Token válido para usuário: José Ricardo Santos
[2025-09-03 11:37:42] [INFO] Obtendo token de longa duração...
[2025-09-03 11:37:42] [ERROR] Erro de rede ao obter token de longa duração
[2025-09-03 11:37:42] [INFO] Buscando contas Instagram conectadas...
[2025-09-03 11:38:12] [INFO] Conexão com banco de dados estabelecida
[2025-09-03 11:38:12] [INFO] Validando token de acesso...
[2025-09-03 11:38:12] [INFO] Token válido para usuário: José Ricardo Santos
[2025-09-03 11:38:12] [INFO] Obtendo token de longa duração...
[2025-09-03 11:38:13] [ERROR] Erro de rede ao obter token de longa duração
[2025-09-03 11:38:13] [INFO] Buscando contas Instagram conectadas...
[2025-09-03 11:39:11] [INFO] Conexão com banco de dados estabelecida
[2025-09-03 11:39:11] [INFO] Validando token de acesso...
[2025-09-03 11:39:12] [INFO] Token válido para usuário: José Ricardo Santos
[2025-09-03 11:39:12] [INFO] Obtendo token de longa duração...
[2025-09-03 11:39:12] [ERROR] Erro de rede ao obter token de longa duração
[2025-09-03 11:39:12] [INFO] Buscando contas Instagram conectadas...
[2025-09-03 11:39:13] [INFO] Total de contas Instagram encontradas: 0
[2025-09-03 11:39:18] [INFO] Conexão com banco de dados estabelecida
[2025-09-03 11:39:18] [INFO] Validando token de acesso...
[2025-09-03 11:39:19] [INFO] Token válido para usuário: José Ricardo Santos
[2025-09-03 11:39:19] [INFO] Obtendo token de longa duração...
[2025-09-03 11:39:19] [ERROR] Erro de rede ao obter token de longa duração
[2025-09-03 11:39:19] [INFO] Buscando contas Instagram conectadas...
[2025-09-03 11:39:20] [INFO] Total de contas Instagram encontradas: 0
[2025-09-03 11:39:49] [INFO] Conexão com banco de dados estabelecida
[2025-09-03 11:39:49] [INFO] Validando token de acesso...
[2025-09-03 11:39:50] [INFO] Token válido para usuário: José Ricardo Santos
[2025-09-03 11:39:50] [INFO] Obtendo token de longa duração...
[2025-09-03 11:39:51] [ERROR] Erro de rede ao obter token de longa duração
[2025-09-03 11:39:51] [INFO] Buscando contas Instagram conectadas...
[2025-09-03 11:40:32] [INFO] Total de contas Instagram encontradas: 0
[2025-09-03 11:40:40] [INFO] Conexão com banco de dados estabelecida
[2025-09-03 11:40:40] [INFO] Validando token de acesso...
[2025-09-03 11:40:40] [INFO] Token válido para usuário: José Ricardo Santos
[2025-09-03 11:40:40] [INFO] Obtendo token de longa duração...
[2025-09-03 11:40:41] [ERROR] Erro de rede ao obter token de longa duração
[2025-09-03 11:40:41] [INFO] Buscando contas Instagram conectadas...
[2025-09-03 11:43:09] [INFO] Conexão com banco de dados estabelecida
[2025-09-03 11:43:09] [INFO] Validando token de acesso...
[2025-09-03 11:43:10] [INFO] Token válido para usuário: José Ricardo Santos
[2025-09-03 11:43:10] [INFO] Obtendo token de longa duração...
[2025-09-03 11:43:10] [ERROR] Erro de rede ao obter token de longa duração
[2025-09-03 11:43:10] [INFO] Buscando contas Instagram conectadas...
[2025-09-03 11:43:19] [INFO] Total de contas Instagram encontradas: 0
[2025-09-03 11:52:09] [INFO] Conexão com banco de dados estabelecida
[2025-09-03 11:52:09] [INFO] Validando token de acesso...
[2025-09-03 11:52:09] [INFO] Token válido para usuário: José Ricardo Santos
[2025-09-03 11:52:09] [INFO] Obtendo token de longa duração...
[2025-09-03 11:52:10] [ERROR] Erro de rede ao obter token de longa duração
[2025-09-03 11:52:10] [INFO] Buscando contas Instagram conectadas...
[2025-09-03 11:52:51] [INFO] Verificando página: Ela Decora
[2025-09-03 11:54:51] [INFO] Conexão com banco de dados estabelecida
[2025-09-03 11:54:54] [INFO] Validando token de acesso...
[2025-09-03 11:54:54] [INFO] Token válido para usuário: José Ricardo Santos
[2025-09-03 11:54:54] [INFO] Obtendo token de longa duração...
[2025-09-03 11:54:55] [ERROR] Erro de rede ao obter token de longa duração
[2025-09-03 11:54:55] [INFO] Buscando contas Instagram conectadas...
[2025-09-03 11:55:00] [INFO] Verificando página: Ela Decora
[2025-09-03 12:01:34] [INFO] Conexão com banco de dados estabelecida
[2025-09-03 12:01:34] [INFO] Validando token de acesso...
[2025-09-03 12:01:34] [INFO] Token válido para usuário: José Ricardo Santos
[2025-09-03 12:01:34] [INFO] Obtendo token de longa duração...
[2025-09-03 12:01:35] [ERROR] Erro de rede ao obter token de longa duração
[2025-09-03 12:01:35] [INFO] Buscando contas Instagram conectadas...
[2025-09-03 12:01:36] [INFO] Verificando página: Ela Decora
[2025-09-03 12:04:55] [INFO] Conexão com banco de dados estabelecida
[2025-09-03 12:04:55] [INFO] Validando token de acesso...
[2025-09-03 12:04:55] [INFO] Token válido para usuário: José Ricardo Santos
[2025-09-03 12:04:55] [INFO] Obtendo token de longa duração...
[2025-09-03 12:04:56] [ERROR] Erro de rede ao obter token de longa duração
[2025-09-03 12:04:56] [INFO] Buscando contas Instagram conectadas...
[2025-09-03 12:04:57] [INFO] Verificando página: Ela Decora
[2025-09-03 12:08:44] [INFO] Conexão com banco de dados estabelecida
[2025-09-03 12:08:44] [INFO] Validando token de acesso...
[2025-09-03 12:08:45] [INFO] Token válido para usuário: José Ricardo Santos
[2025-09-03 12:08:45] [INFO] Obtendo token de longa duração...
[2025-09-03 12:08:46] [ERROR] Erro de rede ao obter token de longa duração
[2025-09-03 12:08:46] [INFO] Buscando contas Instagram conectadas...
[2025-09-03 12:08:46] [INFO] Verificando página: Ela Decora
[2025-09-03 12:57:25] [INFO] Conexão com banco de dados estabelecida
[2025-09-03 12:57:25] [INFO] Validando token de acesso...
[2025-09-03 12:57:26] [INFO] Token válido para usuário: José Ricardo Santos
[2025-09-03 12:57:26] [INFO] Obtendo token de longa duração...
[2025-09-03 12:57:26] [ERROR] Erro de rede ao obter token de longa duração
[2025-09-03 12:57:29] [INFO] Buscando contas Instagram conectadas...
[2025-09-03 12:57:38] [INFO] Verificando página: Ela Decora
[2025-09-03 12:59:20] [INFO] Conexão com banco de dados estabelecida
[2025-09-03 12:59:20] [INFO] Validando token de acesso...
[2025-09-03 12:59:21] [INFO] Token válido para usuário: José Ricardo Santos
[2025-09-03 12:59:21] [INFO] Obtendo token de longa duração...
[2025-09-03 12:59:21] [ERROR] Erro de rede ao obter token de longa duração
[2025-09-03 12:59:23] [INFO] Buscando contas Instagram conectadas...
[2025-09-03 12:59:26] [INFO] Total de contas Instagram encontradas: 0
[2025-09-03 13:05:39] [INFO] Conexão com banco de dados estabelecida
[2025-09-03 13:05:39] [INFO] Validando token de acesso...
[2025-09-03 13:05:39] [INFO] Token válido para usuário: José Ricardo Santos
[2025-09-03 13:05:39] [INFO] Obtendo token de longa duração...
[2025-09-03 13:05:40] [ERROR] Erro de rede ao obter token de longa duração
[2025-09-03 13:05:42] [INFO] Buscando contas Instagram conectadas...
[2025-09-03 13:06:34] [INFO] Conexão com banco de dados estabelecida
[2025-09-03 13:06:34] [INFO] Validando token de acesso...
[2025-09-03 13:06:35] [INFO] Token válido para usuário: José Ricardo Santos
[2025-09-03 13:06:35] [INFO] Obtendo token de longa duração...
[2025-09-03 13:06:35] [ERROR] Erro de rede ao obter token de longa duração
[2025-09-03 13:06:37] [INFO] Buscando contas Instagram conectadas...
[2025-09-03 13:07:03] [INFO] Conexão com banco de dados estabelecida
[2025-09-03 13:07:03] [INFO] Validando token de acesso...
[2025-09-03 13:07:04] [INFO] Token válido para usuário: José Ricardo Santos
[2025-09-03 13:07:04] [INFO] Obtendo token de longa duração...
[2025-09-03 13:07:04] [ERROR] Erro de rede ao obter token de longa duração
[2025-09-03 13:07:06] [INFO] Buscando contas Instagram conectadas...
[2025-09-03 13:08:06] [INFO] Conexão com banco de dados estabelecida
[2025-09-03 13:08:06] [INFO] Validando token de acesso...
[2025-09-03 13:08:06] [INFO] Token válido para usuário: José Ricardo Santos
[2025-09-03 13:08:06] [INFO] Obtendo token de longa duração...
[2025-09-03 13:08:07] [ERROR] Erro de rede ao obter token de longa duração
[2025-09-03 13:08:07] [INFO] Buscando contas Instagram conectadas...
[2025-09-03 13:08:08] [INFO] Total de contas Instagram encontradas: 0
[2025-09-03 13:08:21] [INFO] Conexão com banco de dados estabelecida
[2025-09-03 13:08:21] [INFO] Validando token de acesso...
[2025-09-03 13:08:22] [INFO] Token válido para usuário: José Ricardo Santos
[2025-09-03 13:08:22] [INFO] Obtendo token de longa duração...
[2025-09-03 13:08:22] [ERROR] Erro de rede ao obter token de longa duração
[2025-09-03 13:08:22] [INFO] Buscando contas Instagram conectadas...
[2025-09-03 13:08:23] [INFO] Total de contas Instagram encontradas: 0
[2025-09-03 13:08:49] [INFO] Conexão com banco de dados estabelecida
[2025-09-03 13:08:49] [INFO] Validando token de acesso...
[2025-09-03 13:08:50] [INFO] Token válido para usuário: José Ricardo Santos
[2025-09-03 13:08:50] [INFO] Obtendo token de longa duração...
[2025-09-03 13:08:50] [ERROR] Erro de rede ao obter token de longa duração
[2025-09-03 13:08:53] [INFO] Buscando contas Instagram conectadas...
[2025-09-03 13:09:42] [INFO] Conexão com banco de dados estabelecida
[2025-09-03 13:09:42] [INFO] Validando token de acesso...
[2025-09-03 13:09:43] [INFO] Token válido para usuário: José Ricardo Santos
[2025-09-03 13:09:43] [INFO] Obtendo token de longa duração...
[2025-09-03 13:09:43] [ERROR] Erro de rede ao obter token de longa duração
[2025-09-03 13:09:45] [INFO] Buscando contas Instagram conectadas...
[2025-09-03 13:10:52] [INFO] Conexão com banco de dados estabelecida
[2025-09-03 13:10:52] [INFO] Validando token de acesso...
[2025-09-03 13:10:53] [INFO] Token válido para usuário: José Ricardo Santos
[2025-09-03 13:10:53] [INFO] Obtendo token de longa duração...
[2025-09-03 13:10:53] [ERROR] Erro de rede ao obter token de longa duração
[2025-09-03 13:10:55] [INFO] Buscando contas Instagram conectadas...
[2025-09-03 13:11:03] [INFO] Verificando página: Ela Decora
[2025-09-03 13:14:05] [INFO] Conexão com banco de dados estabelecida
[2025-09-03 13:14:05] [INFO] Validando token de acesso...
[2025-09-03 13:14:06] [INFO] Token válido para usuário: José Ricardo Santos
[2025-09-03 13:14:06] [INFO] Obtendo token de longa duração...
[2025-09-03 13:14:06] [ERROR] Erro de rede ao obter token de longa duração
[2025-09-03 13:14:06] [INFO] Buscando contas Instagram conectadas...
[2025-09-03 13:14:07] [INFO] Verificando página: Ela Decora
[2025-09-03 13:14:09] [INFO] Total de contas Instagram encontradas: 0
[2025-09-03 13:14:36] [INFO] Conexão com banco de dados estabelecida
[2025-09-03 13:14:36] [INFO] Validando token de acesso...
[2025-09-03 13:14:36] [INFO] Token válido para usuário: José Ricardo Santos
[2025-09-03 13:14:36] [INFO] Obtendo token de longa duração...
[2025-09-03 13:14:37] [ERROR] Erro de rede ao obter token de longa duração
[2025-09-03 13:14:37] [INFO] Buscando contas Instagram conectadas...
[2025-09-03 13:14:51] [INFO] Verificando página: Ela Decora
[2025-09-03 13:16:16] [INFO] Conexão com banco de dados estabelecida
[2025-09-03 13:16:16] [INFO] Validando token de acesso...
[2025-09-03 13:16:17] [INFO] Token válido para usuário: José Ricardo Santos
[2025-09-03 13:16:17] [INFO] Obtendo token de longa duração...
[2025-09-03 13:16:17] [ERROR] Erro de rede ao obter token de longa duração
[2025-09-03 13:16:17] [INFO] Buscando contas Instagram conectadas...
[2025-09-03 13:16:18] [INFO] Verificando página: Ela Decora
[2025-09-03 13:22:01] [INFO] Conexão com banco de dados estabelecida
[2025-09-03 13:22:01] [INFO] Validando token de acesso...
[2025-09-03 13:22:01] [INFO] Token válido para usuário: José Ricardo Santos
[2025-09-03 13:22:01] [INFO] Obtendo token de longa duração...
[2025-09-03 13:22:02] [ERROR] Erro de rede ao obter token de longa duração
[2025-09-03 13:22:02] [INFO] Buscando contas Instagram conectadas...
[2025-09-03 13:22:12] [INFO] Verificando página: Ela Decora
[2025-09-03 13:23:27] [INFO] Conexão com banco de dados estabelecida
[2025-09-03 13:23:27] [INFO] Validando token de acesso...
[2025-09-03 13:23:28] [INFO] Token válido para usuário: José Ricardo Santos
[2025-09-03 13:23:28] [INFO] Obtendo token de longa duração...
[2025-09-03 13:23:28] [ERROR] Erro de rede ao obter token de longa duração
[2025-09-03 13:23:28] [INFO] Buscando contas Instagram conectadas...
[2025-09-03 13:23:39] [INFO] Verificando página: Ela Decora
[2025-09-03 13:23:42] [ERROR] Erro ao coletar insights: Falha na chamada da API: https://graph.facebook.com/v23.0/17841415250388479/insights?metric=reach%2Cfollower_count%2Cviews&period=day&since=2025-08-27&until=2025-09-02&access_token=EAAHiJmTg9dkBPdH9vwfu2PuMHXp72swekJZABMRIQdQZCvqMRYXWRB4cZBzSfZABwE9KLvbGU2FTZBhM4ZAE06vqb3owBnmZB1iJagtNUz8HY8zHm7J5ZBUxJyqKXIgZCap3sRqT6bZAS38ZAUOuz3ZCejHrOvS2NMcc0HGC6xvZBBmIZCaYL9VLnsCTElQLeL8iHbiqcgXH3CnaMBZB3Gx5ozsB6NTC52xqIFkCe87K807jOIZD
[2025-09-03 13:23:43] [INFO] ✅ Conta Instagram encontrada: @eladecora (2294265 seguidores)
[2025-09-03 13:23:43] [INFO] Total de contas Instagram encontradas: 1
[2025-09-03 13:23:43] [INFO] Inserindo conta no banco: @eladecora
[2025-09-03 13:23:43] [INFO] ✅ Conta inserida/atualizada com sucesso: @eladecora
[2025-09-03 13:23:43] [INFO] Testando coleta de dados para user_id: 17841415250388479
[2025-09-03 13:23:44] [ERROR] Erro de rede ao testar coleta de insights
[2025-09-03 13:23:49] [INFO] Conexão com banco de dados estabelecida
[2025-09-03 13:23:49] [INFO] Validando token de acesso...
[2025-09-03 13:23:49] [INFO] Token válido para usuário: José Ricardo Santos
[2025-09-03 13:23:49] [INFO] Obtendo token de longa duração...
[2025-09-03 13:23:50] [ERROR] Erro de rede ao obter token de longa duração
[2025-09-03 13:23:50] [INFO] Buscando contas Instagram conectadas...
[2025-09-03 13:23:50] [INFO] Verificando página: Ela Decora
[2025-09-03 13:23:54] [ERROR] Erro ao coletar insights: Falha na chamada da API: https://graph.facebook.com/v23.0/17841415250388479/insights?metric=reach%2Cfollower_count%2Cviews&period=day&since=2025-08-27&until=2025-09-02&access_token=EAAHiJmTg9dkBPT3KEhKBZB1wM8VtZAlssIKE3z9T56elDsLfAZAjIVyHFgrqVkJODEohCvKZAAZBJ1ZCoLZAnZBPRtkZBR0YynIrT4amLZAAqHy6stYUJblJFZCmTUOLh4OeFZAedFgxgej5z2nI9aJgsdsDY7MJZBZCmRu5ivFcSkaWTGXzZADdHg9sTPsJiyIyTfxxaLxQO2O9wpJFIj9buLVRZBE37C8sKhIp4ZAvNuFsSbGsEoZBAZD
[2025-09-03 13:23:56] [INFO] ✅ Conta Instagram encontrada: @eladecora (2294265 seguidores)
[2025-09-03 13:23:56] [INFO] Total de contas Instagram encontradas: 1
[2025-09-03 13:23:56] [INFO] Inserindo conta no banco: @eladecora
[2025-09-03 13:23:56] [INFO] ✅ Conta inserida/atualizada com sucesso: @eladecora
[2025-09-03 13:23:56] [INFO] Testando coleta de dados para user_id: 17841415250388479
[2025-09-03 13:23:56] [ERROR] Erro de rede ao testar coleta de insights
[2025-09-03 13:24:03] [INFO] Conexão com banco de dados estabelecida
[2025-09-03 13:24:03] [INFO] Validando token de acesso...
[2025-09-03 13:24:04] [INFO] Token válido para usuário: José Ricardo Santos
[2025-09-03 13:24:04] [INFO] Obtendo token de longa duração...
[2025-09-03 13:24:04] [ERROR] Erro de rede ao obter token de longa duração
[2025-09-03 13:24:04] [INFO] Buscando contas Instagram conectadas...
[2025-09-03 13:24:05] [INFO] Verificando página: Ela Decora
[2025-09-03 13:24:07] [ERROR] Erro ao coletar insights: Falha na chamada da API: https://graph.facebook.com/v23.0/17841415250388479/insights?metric=reach%2Cfollower_count%2Cviews&period=day&since=2025-08-27&until=2025-09-02&access_token=EAAHiJmTg9dkBPavuNBCh6kU8fqoh3kkXPxQgeD8nj1otHtqyVC9u6NZANmmuBUeMZBrzrohNCYFdZB5rvrcoEvcqpDZCG1xa4PgxSHU7AZCmdRGa5BowZCVheE0nU5dha5HqMWSTJxmu7QMZBhbD2hPa7ZAJ3x9ESomoVPdidTr38DXG33ZC3Ol2JGLzgCP2lA18gfjGH9sJHWEnIgbkJlDqgCw9vwcjKyv6FnppqeM0ZD
[2025-09-03 13:24:09] [INFO] ✅ Conta Instagram encontrada: @eladecora (2294265 seguidores)
[2025-09-03 13:24:09] [INFO] Total de contas Instagram encontradas: 1
[2025-09-03 13:24:09] [INFO] Inserindo conta no banco: @eladecora
[2025-09-03 13:24:09] [INFO] ✅ Conta inserida/atualizada com sucesso: @eladecora
[2025-09-03 13:24:09] [INFO] Testando coleta de dados para user_id: 17841415250388479
[2025-09-03 13:24:10] [ERROR] Erro de rede ao testar coleta de insights
[2025-09-03 13:24:23] [INFO] Conexão com banco de dados estabelecida
[2025-09-03 13:24:23] [INFO] Validando token de acesso...
[2025-09-03 13:24:24] [INFO] Token válido para usuário: José Ricardo Santos
[2025-09-03 13:24:24] [INFO] Obtendo token de longa duração...
[2025-09-03 13:24:24] [ERROR] Erro de rede ao obter token de longa duração
[2025-09-03 13:24:24] [INFO] Buscando contas Instagram conectadas...
[2025-09-03 13:24:25] [INFO] Verificando página: Ela Decora
[2025-09-03 13:24:28] [ERROR] Erro ao coletar insights: Falha na chamada da API: https://graph.facebook.com/v23.0/17841415250388479/insights?metric=reach%2Cfollower_count%2Cviews&period=day&since=2025-08-27&until=2025-09-02&access_token=EAAHiJmTg9dkBPaeBhXtEXk8ZBabjbZCwXRR3EPmTz4acLy6TJ0ijc7Hc89l2L2IMMwvf8GZBWTcmjPCxi3zQfBxa9AWvWZA1YVH2wV3ZBfZAKXNZAD0UHxlMAZAIxokX7ZBtPalxEjsGa7a83P3ReOxoOBdyEdh0bRUo62MRo3M9YBOLErzyfF6coVTvKPZBFPZCQZAMvEgB5xZBX2zpSNj0GVE16gaHx79OZBbiwT5KUNNBcZD
[2025-09-03 13:24:30] [INFO] ✅ Conta Instagram encontrada: @eladecora (2294265 seguidores)
[2025-09-03 13:24:30] [INFO] Total de contas Instagram encontradas: 1
[2025-09-03 13:24:30] [INFO] Inserindo conta no banco: @eladecora
[2025-09-03 13:24:30] [INFO] ✅ Conta inserida/atualizada com sucesso: @eladecora
[2025-09-03 13:24:30] [INFO] Testando coleta de dados para user_id: 17841415250388479
[2025-09-03 13:24:31] [ERROR] Erro de rede ao testar coleta de insights
[2025-09-03 13:24:54] [INFO] Conexão com banco de dados estabelecida
[2025-09-03 13:24:54] [INFO] Validando token de acesso...
[2025-09-03 13:24:56] [INFO] Token válido para usuário: José Ricardo Santos
[2025-09-03 13:24:56] [INFO] Obtendo token de longa duração...
[2025-09-03 13:24:57] [ERROR] Erro de rede ao obter token de longa duração
[2025-09-03 13:24:57] [INFO] Buscando contas Instagram conectadas...
[2025-09-03 13:25:02] [INFO] Verificando página: Ela Decora
[2025-09-03 13:36:56] [INFO] Conexão com banco de dados estabelecida
[2025-09-03 13:36:56] [INFO] Validando token de acesso...
[2025-09-03 13:36:57] [ERROR] Erro de rede ao validar token
[2025-09-03 13:36:59] [INFO] Conexão com banco de dados estabelecida
[2025-09-03 13:36:59] [INFO] Validando token de acesso...
[2025-09-03 13:36:59] [ERROR] Erro de rede ao validar token
[2025-09-03 13:37:15] [INFO] Conexão com banco de dados estabelecida
[2025-09-03 13:37:15] [INFO] Validando token de acesso...
[2025-09-03 13:37:15] [INFO] Token válido para usuário: José Ricardo Santos
[2025-09-03 13:37:15] [INFO] Obtendo token de longa duração...
[2025-09-03 13:37:16] [ERROR] Erro de rede ao obter token de longa duração
[2025-09-03 13:37:16] [INFO] Buscando contas Instagram conectadas...
[2025-09-03 13:37:29] [INFO] Verificando página: Ela Decora
