[2025-09-02 15:25:31] [INFO] Conexão com banco de dados estabelecida
[2025-09-02 15:25:31] [INFO] Validando token de acesso...
[2025-09-02 15:25:32] [INFO] Token válido para usuário: José Ricardo Santos
[2025-09-02 15:25:32] [INFO] Obtendo token de longa duração...
[2025-09-02 15:25:33] [INFO] Token de longa duração obtido (expira em 5184000 segundos)
[2025-09-02 15:25:33] [INFO] Buscando contas Instagram conectadas...
[2025-09-02 15:25:34] [INFO] Verificando página: Ela Decora
[2025-09-02 15:25:37] [INFO] Total de contas Instagram encontradas: 0
[2025-09-02 15:27:12] [INFO] Conexão com banco de dados estabelecida
[2025-09-02 15:27:12] [INFO] Validando token de acesso...
[2025-09-02 15:27:12] [INFO] Token válido para usuário: José Ricardo Santos
[2025-09-02 15:27:12] [INFO] Obtendo token de longa duração...
[2025-09-02 15:27:13] [INFO] Token de longa duração obtido (expira em 5184000 segundos)
[2025-09-02 15:27:13] [INFO] Buscando contas Instagram conectadas...
[2025-09-02 15:27:13] [INFO] Verificando página: Ela Decora
[2025-09-02 15:27:15] [INFO] Total de contas Instagram encontradas: 0
[2025-09-02 15:27:48] [INFO] Conexão com banco de dados estabelecida
[2025-09-02 15:27:48] [INFO] Validando token de acesso...
[2025-09-02 15:27:49] [INFO] Token válido para usuário: José Ricardo Santos
[2025-09-02 15:27:49] [INFO] Obtendo token de longa duração...
[2025-09-02 15:27:50] [INFO] Token de longa duração obtido (expira em 5184000 segundos)
[2025-09-02 15:27:50] [INFO] Buscando contas Instagram conectadas...
[2025-09-02 15:27:51] [INFO] Verificando página: Ela Decora
[2025-09-02 15:27:53] [INFO] Total de contas Instagram encontradas: 0
[2025-09-02 15:28:18] [INFO] Conexão com banco de dados estabelecida
[2025-09-02 15:28:51] [INFO] Validando token de acesso...
[2025-09-02 15:29:13] [INFO] Token válido para usuário: José Ricardo Santos
[2025-09-02 15:29:23] [INFO] Obtendo token de longa duração...
[2025-09-02 15:29:37] [INFO] Token de longa duração obtido (expira em 5184000 segundos)
[2025-09-02 15:29:57] [INFO] Buscando contas Instagram conectadas...
[2025-09-02 21:37:17] [INFO] Conexão com banco de dados estabelecida
[2025-09-02 21:37:17] [INFO] Validando token de acesso...
[2025-09-02 21:37:17] [ERROR] Erro de rede ao validar token
[2025-09-02 21:46:57] [INFO] Conexão com banco de dados estabelecida
[2025-09-02 21:46:57] [INFO] Validando token de acesso...
[2025-09-02 21:46:58] [INFO] Token válido para usuário: José Ricardo Santos
[2025-09-02 21:46:58] [INFO] Obtendo token de longa duração...
[2025-09-02 21:46:58] [INFO] Token de longa duração obtido (expira em 5184000 segundos)
[2025-09-02 21:46:58] [INFO] Buscando contas Instagram conectadas...
[2025-09-02 21:46:59] [INFO] Verificando página: Ela Decora
[2025-09-02 21:47:00] [INFO] Total de contas Instagram encontradas: 0
[2025-09-02 21:47:44] [INFO] Conexão com banco de dados estabelecida
[2025-09-02 21:47:44] [INFO] Validando token de acesso...
[2025-09-02 21:47:45] [INFO] Token válido para usuário: José Ricardo Santos
[2025-09-02 21:47:45] [INFO] Obtendo token de longa duração...
[2025-09-02 21:47:46] [INFO] Token de longa duração obtido (expira em 5184000 segundos)
[2025-09-02 21:47:46] [INFO] Buscando contas Instagram conectadas...
[2025-09-02 21:47:46] [INFO] Verificando página: Ela Decora
[2025-09-02 21:47:48] [INFO] Total de contas Instagram encontradas: 0
[2025-09-02 21:49:55] [INFO] Conexão com banco de dados estabelecida
[2025-09-02 21:49:55] [INFO] Validando token de acesso...
[2025-09-02 21:49:56] [INFO] Token válido para usuário: José Ricardo Santos
[2025-09-02 21:49:56] [INFO] Obtendo token de longa duração...
[2025-09-02 21:49:57] [INFO] Token de longa duração obtido (expira em 5184000 segundos)
[2025-09-02 21:49:57] [INFO] Buscando contas Instagram conectadas...
[2025-09-02 21:49:57] [INFO] Verificando página: Ela Decora
[2025-09-02 21:49:59] [INFO] Total de contas Instagram encontradas: 0
[2025-09-02 21:50:28] [INFO] Conexão com banco de dados estabelecida
[2025-09-02 21:50:34] [INFO] Validando token de acesso...
[2025-09-02 21:50:49] [INFO] Token válido para usuário: José Ricardo Santos
[2025-09-02 21:50:58] [INFO] Obtendo token de longa duração...
[2025-09-02 21:51:26] [INFO] Token de longa duração obtido (expira em 5184000 segundos)
[2025-09-02 21:51:33] [INFO] Buscando contas Instagram conectadas...
[2025-09-02 21:59:31] [INFO] Verificando página: Ela Decora
[2025-09-02 22:00:04] [INFO] Total de contas Instagram encontradas: 0
[2025-09-02 22:00:45] [INFO] Conexão com banco de dados estabelecida
[2025-09-02 22:00:49] [INFO] Validando token de acesso...
[2025-09-02 22:00:50] [INFO] Token válido para usuário: José Ricardo Santos
[2025-09-02 22:00:50] [INFO] Obtendo token de longa duração...
[2025-09-02 22:00:51] [INFO] Token de longa duração obtido (expira em 5184000 segundos)
[2025-09-02 22:01:00] [INFO] Buscando contas Instagram conectadas...
[2025-09-02 22:01:07] [INFO] Verificando página: Ela Decora
[2025-09-02 22:01:50] [INFO] Total de contas Instagram encontradas: 0
[2025-09-02 22:02:16] [INFO] Conexão com banco de dados estabelecida
[2025-09-02 22:02:16] [INFO] Validando token de acesso...
[2025-09-02 22:02:17] [INFO] Token válido para usuário: José Ricardo Santos
[2025-09-02 22:02:17] [INFO] Obtendo token de longa duração...
[2025-09-02 22:02:17] [INFO] Token de longa duração obtido (expira em 5184000 segundos)
[2025-09-02 22:02:21] [INFO] Buscando contas Instagram conectadas...
[2025-09-02 22:03:18] [INFO] Verificando página: Ela Decora
[2025-09-02 22:09:32] [INFO] Conexão com banco de dados estabelecida
[2025-09-02 22:09:32] [INFO] Validando token de acesso...
[2025-09-02 22:09:33] [INFO] Token válido para usuário: José Ricardo Santos
[2025-09-02 22:09:33] [INFO] Obtendo token de longa duração...
[2025-09-02 22:09:33] [INFO] Token de longa duração obtido (expira em 5184000 segundos)
[2025-09-02 22:09:33] [INFO] Buscando contas Instagram conectadas...
[2025-09-02 22:09:34] [INFO] Verificando página: Ela Decora
[2025-09-02 22:11:21] [INFO] Conexão com banco de dados estabelecida
[2025-09-02 22:11:21] [INFO] Validando token de acesso...
[2025-09-02 22:11:22] [INFO] Token válido para usuário: José Ricardo Santos
[2025-09-02 22:11:22] [INFO] Obtendo token de longa duração...
[2025-09-02 22:11:22] [INFO] Token de longa duração obtido (expira em 5184000 segundos)
[2025-09-02 22:11:22] [INFO] Buscando contas Instagram conectadas...
[2025-09-02 22:11:23] [INFO] Verificando página: Ela Decora
[2025-09-02 22:11:38] [INFO] Conexão com banco de dados estabelecida
[2025-09-02 22:11:38] [INFO] Validando token de acesso...
[2025-09-02 22:11:39] [INFO] Token válido para usuário: José Ricardo Santos
[2025-09-02 22:11:39] [INFO] Obtendo token de longa duração...
[2025-09-02 22:11:39] [INFO] Token de longa duração obtido (expira em 5184000 segundos)
[2025-09-02 22:11:39] [INFO] Buscando contas Instagram conectadas...
[2025-09-02 22:11:40] [INFO] Verificando página: Ela Decora
[2025-09-02 22:13:09] [INFO] Conexão com banco de dados estabelecida
[2025-09-02 22:13:09] [INFO] Validando token de acesso...
[2025-09-02 22:13:09] [INFO] Token válido para usuário: José Ricardo Santos
[2025-09-02 22:13:09] [INFO] Obtendo token de longa duração...
[2025-09-02 22:13:10] [INFO] Token de longa duração obtido (expira em 5184000 segundos)
[2025-09-02 22:13:10] [INFO] Buscando contas Instagram conectadas...
[2025-09-02 22:13:10] [INFO] Verificando página: Ela Decora
