[2025-08-29 11:44:55] [INFO] Conexão com banco de dados estabelecida
[2025-08-29 11:44:55] [INFO] Validando token de acesso...
[2025-08-29 11:44:56] [ERROR] Erro de rede ao validar token
[2025-08-29 11:45:07] [INFO] Conexão com banco de dados estabelecida
[2025-08-29 11:45:08] [INFO] Validando token de acesso...
[2025-08-29 11:45:08] [ERROR] Erro de rede ao validar token
[2025-08-29 11:45:10] [INFO] Conexão com banco de dados estabelecida
[2025-08-29 11:45:11] [INFO] Validando token de acesso...
[2025-08-29 11:45:11] [ERROR] Erro de rede ao validar token
[2025-08-29 11:46:21] [INFO] Conexão com banco de dados estabelecida
[2025-08-29 11:46:21] [TEST] Teste automático do corretor
[2025-08-29 11:46:40] [INFO] Conexão com banco de dados estabelecida
[2025-08-29 11:46:40] [INFO] Validando token de acesso...
[2025-08-29 11:46:41] [ERROR] Erro de rede ao validar token
[2025-08-29 11:46:58] [INFO] Conexão com banco de dados estabelecida
[2025-08-29 11:46:58] [INFO] Validando token de acesso...
[2025-08-29 11:46:58] [ERROR] Erro de rede ao validar token
[2025-08-29 11:47:13] [INFO] Conexão com banco de dados estabelecida
[2025-08-29 11:47:44] [INFO] Validando token de acesso...
[2025-08-29 11:52:01] [INFO] Conexão com banco de dados estabelecida
[2025-08-29 11:52:14] [INFO] Validando token de acesso...
[2025-08-29 11:53:17] [INFO] Conexão com banco de dados estabelecida
[2025-08-29 11:53:20] [INFO] Validando token de acesso...
[2025-08-29 11:53:21] [INFO] Token válido para usuário: José Ricardo Santos
[2025-08-29 11:53:21] [INFO] Obtendo token de longa duração...
[2025-08-29 11:53:21] [ERROR] Erro ao obter token de longa duração
[2025-08-29 11:53:21] [INFO] Buscando contas Instagram conectadas...
[2025-08-29 11:53:21] [INFO] Total de contas Instagram encontradas: 0
[2025-08-29 11:54:13] [INFO] Conexão com banco de dados estabelecida
[2025-08-29 11:54:36] [INFO] Validando token de acesso...
[2025-08-29 11:59:57] [INFO] Conexão com banco de dados estabelecida
[2025-08-29 11:59:57] [INFO] Validando token de acesso...
[2025-08-29 12:00:22] [INFO] Conexão com banco de dados estabelecida
[2025-08-29 12:00:22] [INFO] Validando token de acesso...
[2025-08-29 12:01:23] [INFO] Token válido para usuário: José Ricardo Santos
[2025-08-29 12:01:28] [INFO] Obtendo token de longa duração...
[2025-08-29 12:01:29] [ERROR] Erro ao obter token de longa duração
[2025-08-29 12:01:41] [INFO] Conexão com banco de dados estabelecida
[2025-08-29 12:01:41] [INFO] Validando token de acesso...
[2025-08-29 12:01:43] [INFO] Token válido para usuário: José Ricardo Santos
[2025-08-29 12:01:49] [INFO] Obtendo token de longa duração...
[2025-08-29 12:13:27] [INFO] Conexão com banco de dados estabelecida
[2025-08-29 12:13:27] [INFO] Validando token de acesso...
[2025-08-29 12:13:28] [INFO] Token válido para usuário: José Ricardo Santos
[2025-08-29 12:13:28] [INFO] Obtendo token de longa duração...
[2025-08-29 12:13:28] [ERROR] Erro de rede ao obter token de longa duração
[2025-08-29 12:13:28] [INFO] Buscando contas Instagram conectadas...
[2025-08-29 12:13:29] [INFO] Total de contas Instagram encontradas: 0
[2025-08-29 12:13:31] [INFO] Conexão com banco de dados estabelecida
[2025-08-29 12:13:31] [INFO] Validando token de acesso...
[2025-08-29 12:13:32] [INFO] Token válido para usuário: José Ricardo Santos
[2025-08-29 12:13:42] [INFO] Obtendo token de longa duração...
[2025-08-29 12:28:54] [INFO] Conexão com banco de dados estabelecida
[2025-08-29 12:28:54] [INFO] Validando token de acesso...
[2025-08-29 12:28:54] [ERROR] Erro de rede ao validar token
[2025-08-29 12:29:09] [INFO] Conexão com banco de dados estabelecida
[2025-08-29 12:29:09] [INFO] Validando token de acesso...
[2025-08-29 12:29:09] [INFO] Token válido para usuário: José Ricardo Santos
[2025-08-29 12:29:17] [INFO] Obtendo token de longa duração...
[2025-08-29 12:30:52] [INFO] Conexão com banco de dados estabelecida
[2025-08-29 12:30:56] [INFO] Validando token de acesso...
[2025-08-29 12:30:56] [INFO] Token válido para usuário: José Ricardo Santos
[2025-08-29 12:31:12] [INFO] Obtendo token de longa duração...
[2025-08-29 12:31:45] [INFO] Conexão com banco de dados estabelecida
[2025-08-29 12:31:50] [INFO] Validando token de acesso...
[2025-08-29 12:31:50] [INFO] Token válido para usuário: José Ricardo Santos
[2025-08-29 12:32:14] [INFO] Obtendo token de longa duração...
[2025-08-29 12:32:18] [INFO] Conexão com banco de dados estabelecida
[2025-08-29 12:32:18] [INFO] Validando token de acesso...
[2025-08-29 12:32:19] [INFO] Token válido para usuário: José Ricardo Santos
[2025-08-29 12:32:44] [INFO] Conexão com banco de dados estabelecida
[2025-08-29 12:32:47] [INFO] Validando token de acesso...
[2025-08-29 13:08:45] [INFO] Conexão com banco de dados estabelecida
[2025-08-29 13:08:54] [INFO] Validando token de acesso...
[2025-08-29 13:08:54] [ERROR] Erro de rede ao validar token
[2025-08-29 13:09:19] [INFO] Conexão com banco de dados estabelecida
[2025-08-29 13:09:23] [INFO] Validando token de acesso...
[2025-08-29 13:09:23] [INFO] Token válido para usuário: José Ricardo Santos
[2025-08-29 13:09:39] [INFO] Obtendo token de longa duração...
[2025-08-29 13:10:18] [INFO] Token de longa duração obtido (expira em 5184000 segundos)
[2025-08-29 13:10:23] [INFO] Buscando contas Instagram conectadas...
[2025-08-29 13:10:25] [INFO] Verificando página: Ela Decora
[2025-08-29 13:10:26] [INFO] Total de contas Instagram encontradas: 0
