[2025-08-30 15:12:02] [INFO] Conexão com banco de dados estabelecida
[2025-08-30 15:12:02] [INFO] Validando token de acesso...
[2025-08-30 15:12:02] [INFO] Token válido para usuário: José Ricardo Santos
[2025-08-30 15:12:02] [INFO] Obtendo token de longa duração...
[2025-08-30 15:12:18] [INFO] Token de longa duração obtido (expira em 5184000 segundos)
[2025-08-30 15:12:22] [INFO] Buscando contas Instagram conectadas...
[2025-08-30 15:12:23] [INFO] Verificando página: Ela Decora
[2025-08-30 15:12:25] [INFO] Total de contas Instagram encontradas: 0
[2025-08-30 15:19:22] [INFO] Conexão com banco de dados estabelecida
[2025-08-30 15:19:22] [INFO] Validando token de acesso...
[2025-08-30 15:19:24] [INFO] Token válido para usuário: José Ricardo Santos
[2025-08-30 15:19:24] [INFO] Obtendo token de longa duração...
[2025-08-30 15:19:39] [INFO] Token de longa duração obtido (expira em 5184000 segundos)
[2025-08-30 15:19:46] [INFO] Buscando contas Instagram conectadas...
[2025-08-30 15:20:32] [INFO] Verificando página: Ela Decora
[2025-08-30 15:21:11] [INFO] Conexão com banco de dados estabelecida
[2025-08-30 15:21:11] [INFO] Validando token de acesso...
[2025-08-30 15:21:11] [INFO] Token válido para usuário: José Ricardo Santos
[2025-08-30 15:21:11] [INFO] Obtendo token de longa duração...
[2025-08-30 15:21:12] [INFO] Token de longa duração obtido (expira em 5184000 segundos)
[2025-08-30 15:21:17] [INFO] Buscando contas Instagram conectadas...
[2025-08-30 15:21:18] [INFO] Verificando página: Ela Decora
[2025-08-30 15:21:28] [INFO] Total de contas Instagram encontradas: 0
[2025-08-30 15:23:48] [INFO] Conexão com banco de dados estabelecida
[2025-08-30 15:23:48] [INFO] Validando token de acesso...
[2025-08-30 15:23:50] [INFO] Token válido para usuário: José Ricardo Santos
[2025-08-30 15:23:50] [INFO] Obtendo token de longa duração...
[2025-08-30 15:23:50] [INFO] Token de longa duração obtido (expira em 5184000 segundos)
[2025-08-30 15:23:50] [INFO] Buscando contas Instagram conectadas...
[2025-08-30 15:23:51] [INFO] Verificando página: Ela Decora
[2025-08-30 15:23:52] [INFO] Total de contas Instagram encontradas: 0
[2025-08-30 15:24:16] [INFO] Conexão com banco de dados estabelecida
[2025-08-30 15:24:16] [INFO] Validando token de acesso...
[2025-08-30 15:24:17] [INFO] Token válido para usuário: José Ricardo Santos
[2025-08-30 15:24:17] [INFO] Obtendo token de longa duração...
[2025-08-30 15:24:18] [INFO] Token de longa duração obtido (expira em 5184000 segundos)
[2025-08-30 15:24:18] [INFO] Buscando contas Instagram conectadas...
[2025-08-30 15:24:18] [INFO] Verificando página: Ela Decora
[2025-08-30 15:24:21] [INFO] Total de contas Instagram encontradas: 0
