[2025-09-05 20:47:39] Iniciando coleta de dados de seguidores...
[2025-09-05 20:47:40] ERRO: Não foi possível obter contagem de seguidores
[2025-09-05 20:49:32] Iniciando coleta de dados de seguidores...
[2025-09-05 20:49:33] ERRO: Não foi possível obter contagem de seguidores
[2025-09-05 20:50:38] Iniciando coleta de dados de seguidores...
[2025-09-05 20:51:42] ERRO: Não foi possível obter contagem de seguidores
[2025-09-05 20:52:22] Iniciando coleta de dados de seguidores...
[2025-09-05 20:52:41] Iniciando coleta de dados de seguidores...
[2025-09-05 20:53:14] Iniciando coleta de dados de seguidores...
[2025-09-05 20:57:18] Iniciando coleta de dados de seguidores...
[2025-09-05 20:59:01] Iniciando coleta de dados de seguidores...
[2025-09-05 21:14:08] ERRO: Não foi possível obter contagem de seguidores
[2025-09-05 21:15:02] Iniciando coleta de dados de seguidores...
[2025-09-05 21:16:12] Novo registro criado
[2025-09-05 21:16:12] Aviso: Erro ao salvar métricas adicionais - SQLSTATE[42S02]: Base table or view not found: 1146 Table 'eladec62_tbs.daily_metrics' doesn't exist
[2025-09-05 21:16:13] Dados antigos limpos (>90 dias)
[2025-09-05 21:16:13] Coleta concluída com sucesso. Seguidores: 10250
[2025-09-05 21:18:14] Iniciando coleta de dados de seguidores...
[2025-09-05 21:19:01] Iniciando coleta de dados de seguidores...
[2025-09-05 21:19:51] Iniciando coleta de dados de seguidores...
[2025-09-05 21:20:45] Registro de hoje atualizado
[2025-09-05 21:20:46] Aviso: Erro ao salvar métricas adicionais - SQLSTATE[42S02]: Base table or view not found: 1146 Table 'eladec62_tbs.daily_metrics' doesn't exist
[2025-09-05 21:20:46] Dados antigos limpos (>90 dias)
[2025-09-05 21:20:46] Coleta concluída com sucesso. Seguidores: 10250
[2025-09-05 21:20:55] Iniciando coleta de dados de seguidores...
[2025-09-05 21:23:27] Iniciando coleta de dados de seguidores...
[2025-09-05 21:43:40] Iniciando coleta de dados de seguidores...
[2025-09-05 21:43:41] Registro de hoje atualizado
[2025-09-05 21:43:42] Aviso: Erro ao salvar métricas adicionais - SQLSTATE[42S02]: Base table or view not found: 1146 Table 'eladec62_tbs.daily_metrics' doesn't exist
[2025-09-05 21:43:42] Dados antigos limpos (>90 dias)
[2025-09-05 21:43:42] Coleta concluída com sucesso. Seguidores: 10250
[2025-09-05 21:44:05] Iniciando coleta de dados de seguidores...
[2025-09-05 21:44:06] Registro de hoje atualizado
[2025-09-05 21:44:06] Aviso: Erro ao salvar métricas adicionais - SQLSTATE[42S02]: Base table or view not found: 1146 Table 'eladec62_tbs.daily_metrics' doesn't exist
[2025-09-05 21:44:07] Dados antigos limpos (>90 dias)
[2025-09-05 21:44:07] Coleta concluída com sucesso. Seguidores: 10250
[2025-09-05 21:45:08] Iniciando coleta de dados de seguidores...
[2025-09-05 21:45:09] Registro de hoje atualizado
[2025-09-05 21:45:09] Aviso: Erro ao salvar métricas adicionais - SQLSTATE[42S02]: Base table or view not found: 1146 Table 'eladec62_tbs.daily_metrics' doesn't exist
[2025-09-05 21:45:10] Dados antigos limpos (>90 dias)
[2025-09-05 21:45:10] Coleta concluída com sucesso. Seguidores: 10250
[2025-09-05 21:46:10] Iniciando coleta de dados de seguidores...
[2025-09-05 21:46:11] ERRO: Não foi possível obter contagem de seguidores
